<?xml version="1.0" encoding="UTF-8"?>
<!-- Generated by org.testng.reporters.JUnitReportReporter -->
<testsuite hostname="DESKTOP-AO9PN1L" failures="0" tests="1" name="crudOperationWithBDD.SampleGetTest" time="4.476" errors="0" timestamp="2024-12-19T13:04:56 IST" skipped="0">
  <testcase classname="crudOperationWithBDD.SampleGetTest" name="getTest" time="4.476"/>
  <system-out/>
</testsuite> <!-- crudOperationWithBDD.SampleGetTest -->
