<?xml version="1.0" encoding="UTF-8"?>
<!-- Generated by org.testng.reporters.JUnitReportReporter -->
<testsuite hostname="DESKTOP-AO9PN1L" failures="0" tests="1" name="authTest.Pre_emptiveAuthTest" time="2.037" errors="0" timestamp="2025-01-20T13:30:46 IST" skipped="0">
  <testcase classname="authTest.Pre_emptiveAuthTest" name="pre_emptiveAuth" time="2.037"/>
  <system-out/>
</testsuite> <!-- authTest.Pre_emptiveAuthTest -->
