<?xml version="1.0" encoding="UTF-8"?>
<!-- Generated by org.testng.reporters.JUnitReportReporter -->
<testsuite hostname="DESKTOP-720PID6" failures="0" tests="1" name="responseValidation.VerifyResponseTimeTest" time="2.123" errors="0" timestamp="2025-01-29T11:00:27 IST" skipped="0">
  <testcase classname="responseValidation.VerifyResponseTimeTest" name="verifyHeader" time="2.123"/>
  <system-out/>
</testsuite> <!-- responseValidation.VerifyResponseTimeTest -->
