<?xml version="1.0" encoding="UTF-8"?>
<!-- Generated by org.testng.reporters.JUnitReportReporter -->
<testsuite hostname="DESKTOP-AO9PN1L" failures="0" tests="1" name="graphql.Project" time="2.740" errors="0" timestamp="2024-12-26T15:27:33 IST" skipped="0">
  <testcase classname="graphql.Project" name="updateProject_graphql" time="2.740"/>
  <system-out/>
</testsuite> <!-- graphql.Project -->
