<?xml version="1.0" encoding="UTF-8"?>
<!-- Generated by org.testng.reporters.JUnitReportReporter -->
<testsuite hostname="DESKTOP-AO9PN1L" failures="0" tests="1" name="shoppersStack.Testing" time="0.024" errors="0" timestamp="2024-12-25T11:45:35 IST" skipped="0">
  <testcase classname="shoppersStack.Testing" name="test1" time="0.024"/>
  <system-out/>
</testsuite> <!-- shoppersStack.Testing -->
