<?xml version="1.0" encoding="UTF-8"?>
<!-- Generated by org.testng.reporters.JUnitReportReporter -->
<testsuite hostname="DESKTOP-AO9PN1L" failures="0" tests="1" name="encryptionAndDecryption.AESencriptTest" time="0.060" errors="0" timestamp="2024-12-20T16:20:11 IST" skipped="0">
  <testcase classname="encryptionAndDecryption.AESencriptTest" name="jsonEncryptAndDecrypt" time="0.060"/>
  <system-out/>
</testsuite> <!-- encryptionAndDecryption.AESencriptTest -->
