<?xml version="1.0" encoding="UTF-8"?>
<!-- Generated by org.testng.reporters.JUnitReportReporter -->
<testsuite hostname="DESKTOP-AO9PN1L" failures="0" tests="1" name="encryptionAndDecryption.Encryption_Decryption" time="0.013" errors="0" timestamp="2024-12-20T13:04:06 IST" skipped="0">
  <testcase classname="encryptionAndDecryption.Encryption_Decryption" name="encryptionAndDecryption" time="0.013"/>
  <system-out/>
</testsuite> <!-- encryptionAndDecryption.Encryption_Decryption -->
