<?xml version="1.0" encoding="UTF-8"?>
<!-- Generated by org.testng.reporters.JUnitReportReporter -->
<testsuite hostname="DESKTOP-720PID6" failures="0" tests="1" name="postImage_APITesting.PostImageTest" time="4.183" errors="0" timestamp="2025-01-29T10:16:06 IST" skipped="0">
  <testcase classname="postImage_APITesting.PostImageTest" name="uploadImageTest" time="4.183"/>
  <system-out/>
</testsuite> <!-- postImage_APITesting.PostImageTest -->
