<?xml version="1.0" encoding="UTF-8"?>
<!-- Generated by org.testng.reporters.JUnitReportReporter -->
<testsuite hostname="DESKTOP-AO9PN1L" failures="0" tests="1" name="crudOperationWithoutBDD.SampleTestForCompleteUpdateTest" time="1.818" errors="0" timestamp="2024-12-13T15:19:36 IST" skipped="0">
  <testcase classname="crudOperationWithoutBDD.SampleTestForCompleteUpdateTest" name="putDataToServer" time="1.818"/>
  <system-out/>
</testsuite> <!-- crudOperationWithoutBDD.SampleTestForCompleteUpdateTest -->
