<?xml version="1.0" encoding="UTF-8"?>
<!-- Generated by org.testng.reporters.JUnitReportReporter -->
<testsuite hostname="DESKTOP-AO9PN1L" failures="0" tests="1" name="testCase.SampleTest" time="3.377" errors="0" timestamp="2024-12-12T23:05:43 IST" skipped="0">
  <testcase classname="testCase.SampleTest" name="sampleGetReTest" time="3.377"/>
  <system-out/>
</testsuite> <!-- testCase.SampleTest -->
