<?xml version="1.0" encoding="UTF-8"?>
<!-- Generated by org.testng.reporters.JUnitReportReporter -->
<testsuite hostname="DESKTOP-AO9PN1L" failures="0" tests="1" name="parameters.PathParameter" time="2.441" errors="0" timestamp="2024-12-19T13:09:55 IST" skipped="0">
  <testcase classname="parameters.PathParameter" name="getresources" time="2.441"/>
  <system-out/>
</testsuite> <!-- parameters.PathParameter -->
