<?xml version="1.0" encoding="UTF-8"?>
<!-- Generated by org.testng.reporters.JUnitReportReporter -->
<testsuite hostname="DESKTOP-AO9PN1L" failures="0" tests="1" name="crudOperationWithoutBDD.SampleTestForPartialUpdateTest" time="1.830" errors="0" timestamp="2024-12-13T15:31:55 IST" skipped="0">
  <testcase classname="crudOperationWithoutBDD.SampleTestForPartialUpdateTest" name="patchDataToServer" time="1.830"/>
  <system-out/>
</testsuite> <!-- crudOperationWithoutBDD.SampleTestForPartialUpdateTest -->
