<?xml version="1.0" encoding="UTF-8"?>
<!-- Generated by org.testng.reporters.JUnitReportReporter -->
<testsuite hostname="DESKTOP-AO9PN1L" failures="0" tests="1" name="responseValidation.VerifyDataUsingComplexJsonXpath" time="2.735" errors="0" timestamp="2024-12-18T21:25:06 IST" skipped="0">
  <testcase classname="responseValidation.VerifyDataUsingComplexJsonXpath" name="verifyData" time="2.735"/>
  <system-out/>
</testsuite> <!-- responseValidation.VerifyDataUsingComplexJsonXpath -->
