<?xml version="1.0" encoding="UTF-8"?>
<!-- Generated by org.testng.reporters.JUnitReportReporter -->
<testsuite hostname="DESKTOP-AO9PN1L" failures="0" tests="1" name="requestChaining.Scenario3_getPayRollInfo" time="3.548" errors="0" timestamp="2024-12-18T16:21:05 IST" skipped="0">
  <testcase classname="requestChaining.Scenario3_getPayRollInfo" name="payroll" time="3.548"/>
  <system-out/>
</testsuite> <!-- requestChaining.Scenario3_getPayRollInfo -->
