<?xml version="1.0" encoding="UTF-8"?>
<!-- Generated by org.testng.reporters.JUnitReportReporter -->
<testsuite hostname="DESKTOP-AO9PN1L" failures="0" tests="3" name="shoppersStack.ShopperProfile" time="6.865" errors="0" timestamp="2024-12-25T17:02:07 IST" skipped="0">
  <testcase classname="shoppersStack.ShopperProfile" name="registerAsShopper" time="4.923"/>
  <system-out/>
  <testcase classname="shoppersStack.ShopperProfile" name="shopperLogin" time="1.040"/>
  <system-out/>
  <testcase classname="shoppersStack.ShopperProfile" name="findShopperByShopperId" time="0.902"/>
  <system-out/>
</testsuite> <!-- shoppersStack.ShopperProfile -->
