<?xml version="1.0" encoding="UTF-8"?>
<!-- Generated by org.testng.reporters.JUnitReportReporter -->
<testsuite hostname="DESKTOP-AO9PN1L" failures="0" tests="1" name="authTest.DigestAuthTest" time="3.600" errors="0" timestamp="2024-12-19T17:44:01 IST" skipped="0">
  <testcase classname="authTest.DigestAuthTest" name="digestAuth" time="3.600"/>
  <system-out/>
</testsuite> <!-- authTest.DigestAuthTest -->
