<?xml version="1.0" encoding="UTF-8"?>
<!-- Generated by org.testng.reporters.JUnitReportReporter -->
<testsuite hostname="DESKTOP-AO9PN1L" failures="0" tests="1" name="ConceptOfAPI.VerifyResponseTimeTest" time="2.392" errors="0" timestamp="2024-12-17T13:02:32 IST" skipped="0">
  <testcase classname="ConceptOfAPI.VerifyResponseTimeTest" name="verifyHeader" time="2.392"/>
  <system-out/>
</testsuite> <!-- ConceptOfAPI.VerifyResponseTimeTest -->
