<?xml version="1.0" encoding="UTF-8"?>
<!-- Generated by org.testng.reporters.JUnitReportReporter -->
<testsuite hostname="DESKTOP-720PID6" failures="0" tests="1" name="requestChaining.Scenario2_AddEmployeeToProject" time="3.066" errors="0" timestamp="2025-01-29T10:22:10 IST" skipped="0">
  <testcase classname="requestChaining.Scenario2_AddEmployeeToProject" name="addEmployee" time="3.066"/>
  <system-out/>
</testsuite> <!-- requestChaining.Scenario2_AddEmployeeToProject -->
