<?xml version="1.0" encoding="UTF-8"?>
<!-- Generated by org.testng.reporters.JUnitReportReporter -->
<testsuite hostname="DESKTOP-AO9PN1L" failures="0" tests="1" name="crudOperationWithoutBDD.SampleTestForReadTest" time="4.258" errors="0" timestamp="2024-12-13T14:36:43 IST" skipped="0">
  <testcase classname="crudOperationWithoutBDD.SampleTestForReadTest" name="getDataFromServer" time="4.258"/>
  <system-out/>
</testsuite> <!-- crudOperationWithoutBDD.SampleTestForReadTest -->
