<?xml version="1.0" encoding="UTF-8"?>
<!-- Generated by org.testng.reporters.JUnitReportReporter -->
<testsuite hostname="DESKTOP-720PID6" failures="0" tests="1" name="responseValidation.VerifyDataUsingComplexJsonXpathUsingCondition" time="1.946" errors="0" timestamp="2025-01-29T10:43:25 IST" skipped="0">
  <testcase classname="responseValidation.VerifyDataUsingComplexJsonXpathUsingCondition" name="verifyData" time="1.946"/>
  <system-out/>
</testsuite> <!-- responseValidation.VerifyDataUsingComplexJsonXpathUsingCondition -->
