<?xml version="1.0" encoding="UTF-8"?>
<!-- Generated by org.testng.reporters.JUnitReportReporter -->
<testsuite hostname="DESKTOP-AO9PN1L" failures="0" tests="1" name="com.backend.testing.MethodChaining" time="0.019" errors="0" timestamp="2024-12-12T12:17:28 IST" skipped="0">
  <testcase classname="com.backend.testing.MethodChaining" name="sample" time="0.019"/>
  <system-out/>
</testsuite> <!-- com.backend.testing.MethodChaining -->
