<?xml version="1.0" encoding="UTF-8"?>
<!-- Generated by org.testng.reporters.JUnitReportReporter -->
<testsuite hostname="DESKTOP-720PID6" failures="0" tests="1" name="cookie.AddCookie" time="2.050" errors="0" timestamp="2025-01-29T11:41:12 IST" skipped="0">
  <testcase classname="cookie.AddCookie" name="exampleForCookie" time="2.050"/>
  <system-out/>
</testsuite> <!-- cookie.AddCookie -->
