<?xml version="1.0" encoding="UTF-8"?>
<!-- Generated by org.testng.reporters.JUnitReportReporter -->
<testsuite hostname="DESKTOP-AO9PN1L" failures="0" tests="1" name="crudOperationWithoutBDD.SampleTestForPostTest" time="4.199" errors="0" timestamp="2025-01-13T15:15:05 IST" skipped="0">
  <testcase classname="crudOperationWithoutBDD.SampleTestForPostTest" name="postDataToServer" time="4.199"/>
  <system-out/>
</testsuite> <!-- crudOperationWithoutBDD.SampleTestForPostTest -->
