<?xml version="1.0" encoding="UTF-8"?>
<!-- Generated by org.testng.reporters.JUnitReportReporter -->
<testsuite hostname="DESKTOP-720PID6" failures="0" tests="1" name="wireMock.DebitCard" time="2.204" errors="0" timestamp="2025-01-29T11:05:09 IST" skipped="0">
  <testcase classname="wireMock.DebitCard" name="debitCard" time="2.204"/>
  <system-out/>
</testsuite> <!-- wireMock.DebitCard -->
