<?xml version="1.0" encoding="UTF-8"?>
<!-- Generated by org.testng.reporters.JUnitReportReporter -->
<testsuite hostname="DESKTOP-720PID6" failures="0" tests="1" name="requestChaining.Scenario1_DeleteProject" time="3.382" errors="0" timestamp="2025-01-29T10:19:43 IST" skipped="0">
  <testcase classname="requestChaining.Scenario1_DeleteProject" name="addProject_deleteProject" time="3.382"/>
  <system-out/>
</testsuite> <!-- requestChaining.Scenario1_DeleteProject -->
