<?xml version="1.0" encoding="UTF-8"?>
<!-- Generated by org.testng.reporters.JUnitReportReporter -->
<testsuite hostname="DESKTOP-AO9PN1L" failures="0" tests="1" name="parameters.FormParameter" time="2.476" errors="0" timestamp="2024-12-19T13:29:30 IST" skipped="0">
  <testcase classname="parameters.FormParameter" name="filterResource" time="2.476"/>
  <system-out/>
</testsuite> <!-- parameters.FormParameter -->
