<?xml version="1.0" encoding="UTF-8"?>
<!-- Generated by org.testng.reporters.JUnitReportReporter -->
<testsuite hostname="DESKTOP-720PID6" failures="0" tests="1" name="responseValidation.VerifyResponseHeaderTest" time="2.109" errors="0" timestamp="2025-01-29T10:57:11 IST" skipped="0">
  <testcase classname="responseValidation.VerifyResponseHeaderTest" name="verifyHeader" time="2.109"/>
  <system-out/>
</testsuite> <!-- responseValidation.VerifyResponseHeaderTest -->
