<?xml version="1.0" encoding="UTF-8"?>
<!-- Generated by org.testng.reporters.JUnitReportReporter -->
<testsuite hostname="DESKTOP-AO9PN1L" failures="0" tests="1" name="parameters.QueryParameter" time="2.420" errors="0" timestamp="2024-12-19T13:28:03 IST" skipped="0">
  <testcase classname="parameters.QueryParameter" name="searchAndFilterResource" time="2.420"/>
  <system-out/>
</testsuite> <!-- parameters.QueryParameter -->
