<?xml version="1.0" encoding="UTF-8"?>
<!-- Generated by org.testng.reporters.JUnitReportReporter -->
<testsuite hostname="DESKTOP-AO9PN1L" failures="0" tests="1" name="crudOperationWithoutBDD.SampleTestForDeleteTest" time="1.959" errors="0" timestamp="2024-12-13T16:04:35 IST" skipped="0">
  <testcase classname="crudOperationWithoutBDD.SampleTestForDeleteTest" name="deleteDataFromServer" time="1.959"/>
  <system-out/>
</testsuite> <!-- crudOperationWithoutBDD.SampleTestForDeleteTest -->
