<?xml version="1.0" encoding="UTF-8"?>
<!-- Generated by org.testng.reporters.JUnitReportReporter -->
<testsuite hostname="DESKTOP-AO9PN1L" failures="0" tests="1" name="parameters.ParamParameter" time="2.189" errors="0" timestamp="2024-12-19T14:42:18 IST" skipped="0">
  <testcase classname="parameters.ParamParameter" name="actLikeQuery" time="2.189"/>
  <system-out/>
</testsuite> <!-- parameters.ParamParameter -->
