<?xml version="1.0" encoding="UTF-8"?>
<!-- Generated by org.testng.reporters.JUnitReportReporter -->
<testsuite hostname="DESKTOP-AO9PN1L" failures="0" tests="1" name="crudOperationWithBDD.SamplePutTest" time="2.903" errors="0" timestamp="2024-12-13T23:08:38 IST" skipped="0">
  <testcase classname="crudOperationWithBDD.SamplePutTest" name="putDataInSerever" time="2.903"/>
  <system-out/>
</testsuite> <!-- crudOperationWithBDD.SamplePutTest -->
