<?xml version="1.0" encoding="UTF-8"?>
<!-- Generated by org.testng.reporters.JUnitReportReporter -->
<testsuite hostname="DESKTOP-720PID6" failures="0" tests="1" name="responseValidation.VerifyResponseBody" time="2.809" errors="0" timestamp="2025-01-29T10:55:51 IST" skipped="0">
  <testcase classname="responseValidation.VerifyResponseBody" name="verifyBody" time="2.809"/>
  <system-out/>
</testsuite> <!-- responseValidation.VerifyResponseBody -->
