<?xml version="1.0" encoding="UTF-8"?>
<!-- Generated by org.testng.reporters.JUnitReportReporter -->
<testsuite hostname="DESKTOP-AO9PN1L" failures="0" tests="1" name="mocking_Solution.PaymentTest" time="2.715" errors="0" timestamp="2024-12-24T16:07:01 IST" skipped="0">
  <testcase classname="mocking_Solution.PaymentTest" name="sampleTest" time="2.715"/>
  <system-out/>
</testsuite> <!-- mocking_Solution.PaymentTest -->
