<?xml version="1.0" encoding="UTF-8"?>
<!-- Generated by org.testng.reporters.JUnitReportReporter -->
<testsuite hostname="DESKTOP-AO9PN1L" failures="0" tests="1" name="crudOperationWithBDD.SampleDeleteTest" time="1.940" errors="0" timestamp="2024-12-14T11:15:20 IST" skipped="0">
  <testcase classname="crudOperationWithBDD.SampleDeleteTest" name="deleteDataFromServer" time="1.940"/>
  <system-out/>
</testsuite> <!-- crudOperationWithBDD.SampleDeleteTest -->
