<?xml version="1.0" encoding="UTF-8"?>
<!-- Generated by org.testng.reporters.JUnitReportReporter -->
<testsuite hostname="DESKTOP-AO9PN1L" failures="0" tests="1" name="ConceptOfAPI.VerifyResponseBody" time="4.779" errors="0" timestamp="2024-12-18T09:52:31 IST" skipped="0">
  <testcase classname="ConceptOfAPI.VerifyResponseBody" name="verifyBody" time="4.779"/>
  <system-out/>
</testsuite> <!-- ConceptOfAPI.VerifyResponseBody -->
