<?xml version="1.0" encoding="UTF-8"?>
<!-- Generated by org.testng.reporters.JUnitReportReporter -->
<testsuite hostname="DESKTOP-AO9PN1L" failures="0" tests="1" name="authTest.Auth2Test" time="4.527" errors="0" timestamp="2024-12-20T12:09:10 IST" skipped="0">
  <testcase classname="authTest.Auth2Test" name="auth2" time="4.527"/>
  <system-out/>
</testsuite> <!-- authTest.Auth2Test -->
