<?xml version="1.0" encoding="UTF-8"?>
<!-- Generated by org.testng.reporters.JUnitReportReporter -->
<testsuite hostname="DESKTOP-AO9PN1L" failures="0" tests="1" name="authTest.BearerTokenAuthTest" time="3.513" errors="0" timestamp="2024-12-20T11:47:30 IST" skipped="0">
  <testcase classname="authTest.BearerTokenAuthTest" name="bearerToken" time="3.513"/>
  <system-out/>
</testsuite> <!-- authTest.BearerTokenAuthTest -->
