<?xml version="1.0" encoding="UTF-8"?>
<!-- Generated by org.testng.reporters.JUnitReportReporter -->
<testsuite hostname="DESKTOP-AO9PN1L" failures="0" tests="1" name="crudOperationWithBDD.SamplePostTest" time="2.483" errors="0" timestamp="2024-12-13T22:36:54 IST" skipped="0">
  <testcase classname="crudOperationWithBDD.SamplePostTest" name="postDataToServer" time="2.483"/>
  <system-out/>
</testsuite> <!-- crudOperationWithBDD.SamplePostTest -->
