<?xml version="1.0" encoding="UTF-8"?>
<!-- Generated by org.testng.reporters.JUnitReportReporter -->
<testsuite hostname="DESKTOP-AO9PN1L" failures="0" tests="1" name="crudOperationWithBDD.SamplePatchTest" time="3.219" errors="0" timestamp="2024-12-14T10:04:01 IST" skipped="0">
  <testcase classname="crudOperationWithBDD.SamplePatchTest" name="patchDataToServer" time="3.219"/>
  <system-out/>
</testsuite> <!-- crudOperationWithBDD.SamplePatchTest -->
