<?xml version="1.0" encoding="UTF-8"?>
<!-- Generated by org.testng.reporters.JUnitReportReporter -->
<testsuite hostname="DESKTOP-AO9PN1L" failures="0" tests="1" name="ConceptOfAPI.VerifyResponseHeaderTest" time="2.585" errors="0" timestamp="2024-12-17T12:32:09 IST" skipped="0">
  <testcase classname="ConceptOfAPI.VerifyResponseHeaderTest" name="verifyHeader" time="2.585"/>
  <system-out/>
</testsuite> <!-- ConceptOfAPI.VerifyResponseHeaderTest -->
